[debug] [2022-03-24T08:38:40.477Z] ----------------------------------------------------------------------
[debug] [2022-03-24T08:38:40.478Z] Command:       C:\Program Files\nodejs\node.exe C:\Users\HP\AppData\Roaming\npm\node_modules\firebase-tools\lib\bin\firebase.js init
[debug] [2022-03-24T08:38:40.479Z] CLI Version:   10.4.2
[debug] [2022-03-24T08:38:40.479Z] Platform:      win32
[debug] [2022-03-24T08:38:40.479Z] Node Version:  v17.8.0
[debug] [2022-03-24T08:38:40.479Z] Time:          Thu Mar 24 2022 11:38:40 GMT+0300 (غرينتش+٠٣:٠٠)
[debug] [2022-03-24T08:38:40.480Z] ----------------------------------------------------------------------
[debug] 
[debug] [2022-03-24T08:38:40.485Z] > command requires scopes: ["email","openid","https://www.googleapis.com/auth/cloudplatformprojects.readonly","https://www.googleapis.com/auth/firebase","https://www.googleapis.com/auth/cloud-platform"]
[debug] [2022-03-24T08:38:40.485Z] > authorizing via signed-in user (wwassli@taibahvalley.com.sa)
[info] 
     ######## #### ########  ######## ########     ###     ######  ########
     ##        ##  ##     ## ##       ##     ##  ##   ##  ##       ##
     ######    ##  ########  ######   ########  #########  ######  ######
     ##        ##  ##    ##  ##       ##     ## ##     ##       ## ##
     ##       #### ##     ## ######## ########  ##     ##  ######  ########

You're about to initialize a Firebase project in this directory:

  C:\Users\HP\Desktop\mycory training\lern html\scand assignment\My CV

[info] 
=== Project Setup
[info] 
[info] First, let's associate this project directory with a Firebase project.
[info] You can create multiple project aliases by running firebase use --add, 
[info] but for now we'll just set up a default project.
[info] 
[debug] [2022-03-24T08:40:48.393Z] >>> [apiv2][query] GET https://firebase.googleapis.com/v1beta1/projects pageSize=100
[debug] [2022-03-24T08:40:49.706Z] <<< [apiv2][status] GET https://firebase.googleapis.com/v1beta1/projects 200
[debug] [2022-03-24T08:40:49.706Z] <<< [apiv2][body] GET https://firebase.googleapis.com/v1beta1/projects [omitted]
[info] i  Using project my-cv-23997 (my CV) 
[info] 
=== Hosting Setup
[info] 
[info] Your public directory is the folder (relative to your project directory) that
[info] will contain Hosting assets to be uploaded with firebase deploy. If you
[info] have a build process for your assets, use your build's output directory.
[info] 
[info] +  Wrote public/404.html 
[debug] [2022-03-24T08:41:30.715Z] >>> [apiv2][query] GET https://www.gstatic.com/firebasejs/releases.json [none]
[debug] [2022-03-24T08:41:31.291Z] <<< [apiv2][status] GET https://www.gstatic.com/firebasejs/releases.json 200
[debug] [2022-03-24T08:41:31.291Z] <<< [apiv2][body] GET https://www.gstatic.com/firebasejs/releases.json {"current":{"version":"9.6.9","browserURL":"https://www.gstatic.com/firebasejs/9.6.9/firebase.js","packageURL":"https://www.gstatic.com/firebasejs/9.6.9/firebase.tgz"},"live":{"version":"9.6","browserURL":"https://www.gstatic.com/firebasejs/live/9.6/firebase.js","packageURL":"https://www.gstatic.com/firebasejs/live/9.6/firebase.tgz"},"components":{"analytics":"https://www.gstatic.com/firebasejs/9.6.9/firebase-analytics.js","app":"https://www.gstatic.com/firebasejs/9.6.9/firebase-app.js","app-check":"https://www.gstatic.com/firebasejs/9.6.9/firebase-app-check.js","auth":"https://www.gstatic.com/firebasejs/9.6.9/firebase-auth.js","auth/cordova":"https://www.gstatic.com/firebasejs/9.6.9/firebase-auth/cordova.js","auth/react-native":"https://www.gstatic.com/firebasejs/9.6.9/firebase-auth/react-native.js","functions":"https://www.gstatic.com/firebasejs/9.6.9/firebase-functions.js","firestore":"https://www.gstatic.com/firebasejs/9.6.9/firebase-firestore.js","firestore/lite":"https://www.gstatic.com/firebasejs/9.6.9/firebase-firestore/lite.js","storage":"https://www.gstatic.com/firebasejs/9.6.9/firebase-storage.js","performance":"https://www.gstatic.com/firebasejs/9.6.9/firebase-performance.js","remote-config":"https://www.gstatic.com/firebasejs/9.6.9/firebase-remote-config.js","messaging":"https://www.gstatic.com/firebasejs/9.6.9/firebase-messaging.js","messaging/sw":"https://www.gstatic.com/firebasejs/9.6.9/firebase-messaging/sw.js","database":"https://www.gstatic.com/firebasejs/9.6.9/firebase-database.js","firestore.memory":"https://www.gstatic.com/firebasejs/9.6.9/firebase-firestore.memory.js"}}
[info] +  Wrote public/index.html 
[info] 
[info] i  Didn't detect a .git folder. Assuming C:\Users\HP\Desktop\mycory training\lern html\scand assignment\My CV is the project root. 
[info] i  Authorizing with GitHub to upload your service account to a GitHub repository's secrets store. 
[info] 
[info] Visit this URL on this device to log in:
[info] https://github.com/login/oauth/authorize?client_id=89cf50f02ac6aaed3484&state=757395086&redirect_uri=http%3A%2F%2Flocalhost%3A9005&scope=read%3Auser%20repo%20public_repo
[info] 
[info] Waiting for authentication...
[debug] [2022-03-24T08:41:58.512Z] >>> HTTP REQUEST POST https://github.com/login/oauth/access_token  
 {"client_id":"89cf50f02ac6aaed3484","client_secret":"3330d14abc895d9a74d5f17cd7a00711fa2c5bf0","code":"ad72f9f28605a9403f05","redirect_uri":"http://localhost:9005","state":"757395086"}
[debug] [2022-03-24T08:41:59.234Z] <<< HTTP RESPONSE 200 {"server":"GitHub.com","date":"Thu, 24 Mar 2022 08:42:01 GMT","content-type":"application/json; charset=utf-8","transfer-encoding":"chunked","vary":"X-PJAX, X-PJAX-Container, Accept-Encoding, Accept, X-Requested-With","permissions-policy":"interest-cohort=()","etag":"W/\"10e9a7d80216ded9a28f3fa47ad770de\"","cache-control":"max-age=0, private, must-revalidate","strict-transport-security":"max-age=31536000; includeSubdomains; preload","x-frame-options":"deny","x-content-type-options":"nosniff","x-xss-protection":"0","referrer-policy":"origin-when-cross-origin, strict-origin-when-cross-origin","expect-ct":"max-age=2592000, report-uri=\"https://api.github.com/_private/browser/errors\"","content-security-policy":"default-src 'none'; base-uri 'self'; block-all-mixed-content; child-src github.com/assets-cdn/worker/ gist.github.com/assets-cdn/worker/; connect-src 'self' uploads.github.com objects-origin.githubusercontent.com www.githubstatus.com collector.githubapp.com collector.github.com api.github.com github-cloud.s3.amazonaws.com github-production-repository-file-5c1aeb.s3.amazonaws.com github-production-upload-manifest-file-7fdce7.s3.amazonaws.com github-production-user-asset-6210df.s3.amazonaws.com cdn.optimizely.com logx.optimizely.com/v1/events translator.github.com wss://alive.github.com; font-src github.githubassets.com; form-action 'self' github.com gist.github.com objects-origin.githubusercontent.com; frame-ancestors 'none'; frame-src render.githubusercontent.com viewscreen.githubusercontent.com notebooks.githubusercontent.com; img-src 'self' data: github.githubassets.com identicons.github.com collector.githubapp.com collector.github.com github-cloud.s3.amazonaws.com secured-user-images.githubusercontent.com/ *.githubusercontent.com; manifest-src 'self'; media-src github.com user-images.githubusercontent.com/; script-src github.githubassets.com; style-src 'unsafe-inline' github.githubassets.com; worker-src github.com/assets-cdn/worker/ gist.github.com/assets-cdn/worker/","x-github-request-id":"EED1:9B3B:7754F3:84C0D0:623C2ED8"}
[debug] [2022-03-24T08:41:59.247Z] >>> [apiv2][query] GET https://api.github.com/user [none]
[debug] [2022-03-24T08:41:59.922Z] <<< [apiv2][status] GET https://api.github.com/user 200
[debug] [2022-03-24T08:41:59.922Z] <<< [apiv2][body] GET https://api.github.com/user {"login":"WjdanWasli","id":100061213,"node_id":"U_kgDOBfbQHQ","avatar_url":"https://avatars.githubusercontent.com/u/100061213?v=4","gravatar_id":"","url":"https://api.github.com/users/WjdanWasli","html_url":"https://github.com/WjdanWasli","followers_url":"https://api.github.com/users/WjdanWasli/followers","following_url":"https://api.github.com/users/WjdanWasli/following{/other_user}","gists_url":"https://api.github.com/users/WjdanWasli/gists{/gist_id}","starred_url":"https://api.github.com/users/WjdanWasli/starred{/owner}{/repo}","subscriptions_url":"https://api.github.com/users/WjdanWasli/subscriptions","organizations_url":"https://api.github.com/users/WjdanWasli/orgs","repos_url":"https://api.github.com/users/WjdanWasli/repos","events_url":"https://api.github.com/users/WjdanWasli/events{/privacy}","received_events_url":"https://api.github.com/users/WjdanWasli/received_events","type":"User","site_admin":false,"name":null,"company":null,"blog":"","location":null,"email":null,"hireable":null,"bio":null,"twitter_username":null,"public_repos":3,"public_gists":0,"followers":1,"following":1,"created_at":"2022-02-20T05:43:36Z","updated_at":"2022-02-28T05:47:17Z","private_gists":0,"total_private_repos":0,"owned_private_repos":0,"disk_usage":1557,"collaborators":0,"two_factor_authentication":false,"plan":{"name":"free","space":976562499,"collaborators":0,"private_repos":10000}}
[info] 
[info] +  Success! Logged into GitHub as WjdanWasli 
[info] 
[debug] [2022-03-24T08:42:14.535Z] >>> [apiv2][query] GET https://api.github.com/repos//actions/secrets/public-key type=owner
[debug] [2022-03-24T08:42:15.244Z] <<< [apiv2][status] GET https://api.github.com/repos//actions/secrets/public-key 404
[debug] [2022-03-24T08:42:15.244Z] <<< [apiv2][body] GET https://api.github.com/repos//actions/secrets/public-key {"message":"Not Found","documentation_url":"https://docs.github.com/rest"}
[debug] [2022-03-24T08:42:29.844Z] >>> [apiv2][query] GET https://api.github.com/repos/y/actions/secrets/public-key type=owner
[debug] [2022-03-24T08:42:30.592Z] <<< [apiv2][status] GET https://api.github.com/repos/y/actions/secrets/public-key 404
[debug] [2022-03-24T08:42:30.592Z] <<< [apiv2][body] GET https://api.github.com/repos/y/actions/secrets/public-key {"message":"Not Found","documentation_url":"https://docs.github.com/rest"}
[debug] [2022-03-24T08:42:38.927Z] >>> [apiv2][query] GET https://api.github.com/repos/n/actions/secrets/public-key type=owner
[debug] [2022-03-24T08:42:39.700Z] <<< [apiv2][status] GET https://api.github.com/repos/n/actions/secrets/public-key 404
[debug] [2022-03-24T08:42:39.700Z] <<< [apiv2][body] GET https://api.github.com/repos/n/actions/secrets/public-key {"message":"Not Found","documentation_url":"https://docs.github.com/rest"}
[debug] [2022-03-24T08:42:40.975Z] >>> [apiv2][query] GET https://api.github.com/repos/n/actions/secrets/public-key type=owner
[debug] [2022-03-24T08:42:41.734Z] <<< [apiv2][status] GET https://api.github.com/repos/n/actions/secrets/public-key 404
[debug] [2022-03-24T08:42:41.734Z] <<< [apiv2][body] GET https://api.github.com/repos/n/actions/secrets/public-key {"message":"Not Found","documentation_url":"https://docs.github.com/rest"}
[debug] [2022-03-24T08:42:43.271Z] >>> [apiv2][query] GET https://api.github.com/repos/n /actions/secrets/public-key type=owner
[debug] [2022-03-24T08:42:43.981Z] <<< [apiv2][status] GET https://api.github.com/repos/n /actions/secrets/public-key 404
[debug] [2022-03-24T08:42:43.981Z] <<< [apiv2][body] GET https://api.github.com/repos/n /actions/secrets/public-key {"message":"Not Found","documentation_url":"https://docs.github.com/rest"}
[debug] [2022-03-24T08:42:47.091Z] >>> [apiv2][query] GET https://api.github.com/repos//actions/secrets/public-key type=owner
[debug] [2022-03-24T08:42:47.846Z] <<< [apiv2][status] GET https://api.github.com/repos//actions/secrets/public-key 404
[debug] [2022-03-24T08:42:47.846Z] <<< [apiv2][body] GET https://api.github.com/repos//actions/secrets/public-key {"message":"Not Found","documentation_url":"https://docs.github.com/rest"}
[debug] [2022-03-24T08:43:59.979Z] >>> [apiv2][query] GET https://api.github.com/repos/ no/actions/secrets/public-key type=owner
[debug] [2022-03-24T08:44:00.839Z] <<< [apiv2][status] GET https://api.github.com/repos/ no/actions/secrets/public-key 404
[debug] [2022-03-24T08:44:00.839Z] <<< [apiv2][body] GET https://api.github.com/repos/ no/actions/secrets/public-key {"message":"Not Found","documentation_url":"https://docs.github.com/rest"}
[debug] [2022-03-24T08:45:39.583Z] >>> [apiv2][query] GET https://api.github.com/repos/ WjdanWasli/CV/actions/secrets/public-key type=owner
[debug] [2022-03-24T08:45:40.302Z] <<< [apiv2][status] GET https://api.github.com/repos/ WjdanWasli/CV/actions/secrets/public-key 404
[debug] [2022-03-24T08:45:40.302Z] <<< [apiv2][body] GET https://api.github.com/repos/ WjdanWasli/CV/actions/secrets/public-key {"message":"Not Found","documentation_url":"https://docs.github.com/rest/reference/actions#get-a-repository-public-key"}
[debug] [2022-03-24T08:45:49.434Z] >>> [apiv2][query] GET https://api.github.com/repos/ WjdanWasli/my CV/actions/secrets/public-key type=owner
[debug] [2022-03-24T08:45:50.141Z] <<< [apiv2][status] GET https://api.github.com/repos/ WjdanWasli/my CV/actions/secrets/public-key 404
[debug] [2022-03-24T08:45:50.141Z] <<< [apiv2][body] GET https://api.github.com/repos/ WjdanWasli/my CV/actions/secrets/public-key {"message":"Not Found","documentation_url":"https://docs.github.com/rest/reference/actions#get-a-repository-public-key"}
[debug] [2022-03-24T08:45:51.499Z] >>> [apiv2][query] GET https://api.github.com/repos/ WjdanWasli/myCV/actions/secrets/public-key type=owner
[debug] [2022-03-24T08:45:52.344Z] <<< [apiv2][status] GET https://api.github.com/repos/ WjdanWasli/myCV/actions/secrets/public-key 404
[debug] [2022-03-24T08:45:52.344Z] <<< [apiv2][body] GET https://api.github.com/repos/ WjdanWasli/myCV/actions/secrets/public-key {"message":"Not Found","documentation_url":"https://docs.github.com/rest/reference/actions#get-a-repository-public-key"}
[debug] [2022-03-24T08:45:53.968Z] >>> [apiv2][query] GET https://api.github.com/repos/ WjdanWasli/myCV/actions/secrets/public-key type=owner
[debug] [2022-03-24T08:45:54.892Z] <<< [apiv2][status] GET https://api.github.com/repos/ WjdanWasli/myCV/actions/secrets/public-key 404
[debug] [2022-03-24T08:45:54.892Z] <<< [apiv2][body] GET https://api.github.com/repos/ WjdanWasli/myCV/actions/secrets/public-key {"message":"Not Found","documentation_url":"https://docs.github.com/rest/reference/actions#get-a-repository-public-key"}
[debug] [2022-03-24T08:45:55.118Z] >>> [apiv2][query] GET https://api.github.com/repos/ WjdanWasli/myCV/actions/secrets/public-key type=owner
[debug] [2022-03-24T08:45:56.012Z] <<< [apiv2][status] GET https://api.github.com/repos/ WjdanWasli/myCV/actions/secrets/public-key 404
[debug] [2022-03-24T08:45:56.012Z] <<< [apiv2][body] GET https://api.github.com/repos/ WjdanWasli/myCV/actions/secrets/public-key {"message":"Not Found","documentation_url":"https://docs.github.com/rest/reference/actions#get-a-repository-public-key"}
[debug] [2022-03-24T08:45:58.351Z] >>> [apiv2][query] GET https://api.github.com/repos/ WjdanWasli/CV/actions/secrets/public-key type=owner
[debug] [2022-03-24T08:45:59.237Z] <<< [apiv2][status] GET https://api.github.com/repos/ WjdanWasli/CV/actions/secrets/public-key 404
[debug] [2022-03-24T08:45:59.237Z] <<< [apiv2][body] GET https://api.github.com/repos/ WjdanWasli/CV/actions/secrets/public-key {"message":"Not Found","documentation_url":"https://docs.github.com/rest/reference/actions#get-a-repository-public-key"}
[debug] [2022-03-24T08:50:10.035Z] >>> [apiv2][query] GET https://api.github.com/repos/ WjdanWasli/CVfirebase serve/actions/secrets/public-key type=owner
[debug] [2022-03-24T08:50:10.720Z] <<< [apiv2][status] GET https://api.github.com/repos/ WjdanWasli/CVfirebase serve/actions/secrets/public-key 404
[debug] [2022-03-24T08:50:10.720Z] <<< [apiv2][body] GET https://api.github.com/repos/ WjdanWasli/CVfirebase serve/actions/secrets/public-key {"message":"Not Found","documentation_url":"https://docs.github.com/rest/reference/actions#get-a-repository-public-key"}
[debug] [2022-03-24T08:50:12.132Z] >>> [apiv2][query] GET https://api.github.com/repos/ WjdanWasli/CVfirebase servefirebase serve/actions/secrets/public-key type=owner
[debug] [2022-03-24T08:50:12.777Z] <<< [apiv2][status] GET https://api.github.com/repos/ WjdanWasli/CVfirebase servefirebase serve/actions/secrets/public-key 404
[debug] [2022-03-24T08:50:12.777Z] <<< [apiv2][body] GET https://api.github.com/repos/ WjdanWasli/CVfirebase servefirebase serve/actions/secrets/public-key {"message":"Not Found","documentation_url":"https://docs.github.com/rest/reference/actions#get-a-repository-public-key"}
[debug] [2022-03-24T08:50:23.871Z] >>> [apiv2][query] GET https://api.github.com/repos/clear/actions/secrets/public-key type=owner
[debug] [2022-03-24T08:50:24.464Z] >>> [apiv2][query] GET https://api.github.com/repos//actions/secrets/public-key type=owner
[debug] [2022-03-24T08:50:24.509Z] <<< [apiv2][status] GET https://api.github.com/repos/clear/actions/secrets/public-key 404
[debug] [2022-03-24T08:50:24.509Z] <<< [apiv2][body] GET https://api.github.com/repos/clear/actions/secrets/public-key {"message":"Not Found","documentation_url":"https://docs.github.com/rest"}
[debug] [2022-03-24T08:50:25.052Z] <<< [apiv2][status] GET https://api.github.com/repos//actions/secrets/public-key 404
[debug] [2022-03-24T08:50:25.052Z] <<< [apiv2][body] GET https://api.github.com/repos//actions/secrets/public-key {"message":"Not Found","documentation_url":"https://docs.github.com/rest"}
[debug] [2022-03-24T08:50:29.193Z] Error: kill ENOSYS
    at process.kill (node:internal/process/per_thread:220:13)
    at process.listener (C:\Users\HP\AppData\Roaming\npm\node_modules\firebase-tools\node_modules\signal-exit\index.js:95:15)
    at process.emit (node:events:527:28)
[error] 
[error] Error: An unexpected error has occurred.
